<?xml version="1.0" encoding="UTF-8"?>
<testsuite name="Search a services and products" tests="1" skipped="0" failures="0" errors="0" timestamp="2020-10-29T14:35:32" hostname="CPX-T77XAZYFACS" time="32.384">
  <properties/>
  <testcase name="Add to product" classname="Search a services and products" time="32.384"/>
  <system-out><![CDATA[Feature from file:///C:/Users/k.agualimpia.copete/Documents/h2oKaren/Repositorio/RetoBanistmo/Banistmo/src/test/resources/com/banistmo/features/search_services_and_products.feature
]]></system-out>
  <system-err><![CDATA[[Test worker] INFO  - 
 _____ _____ ____ _____   ____ _____  _    ____ _____ _____ ____  
|_   _| ____/ ___|_   _| / ___|_   _|/ \  |  _ \_   _| ____|  _ \ 
  | | |  _| \___ \ | |   \___ \ | | / _ \ | |_) || | |  _| | | | |
  | | | |___ ___) || |    ___) || |/ ___ \|  _ < | | | |___| |_| |
  |_| |_____|____/ |_|   |____/ |_/_/   \_\_| \_\|_| |_____|____/ 

Add to product(search-a-services-and-products;add-to-product)
-------------------------------------------------------------------
[Test worker] INFO net.serenitybdd.core.webdriver.driverproviders.ProvideNewDriver - Instantiating driver
[Test worker] INFO net.serenitybdd.core.webdriver.driverproviders.ProvideNewDriver - Driver capabilities: Capabilities {acceptInsecureCerts: false, browserName: chrome, chrome.switches: --start-maximized,--enable-..., goog:chromeOptions: {args: [--start-maximized, --enable-automation, --no-sandbox, --disable-gpu-sandbox, --incognito], extensions: [], prefs: {behavior: allow, safebrowsing.enabled: false}}, loggingPrefs: org.openqa.selenium.logging...}
Starting ChromeDriver 2.35.528161 (5b82f2d2aae0ca24b877009200ced9065a772e73) on port 3416
Only local connections are allowed.
Oct 29, 2020 9:35:37 AM org.openqa.selenium.remote.ProtocolHandshake createSession
INFO: Detected dialect: OSS
[Test worker] INFO  - 
        __    _____ _____ ____ _____   ____   _    ____  ____  _____ ____  
  _     \ \  |_   _| ____/ ___|_   _| |  _ \ / \  / ___|/ ___|| ____|  _ \ 
 (_)_____| |   | | |  _| \___ \ | |   | |_) / _ \ \___ \\___ \|  _| | | | |
  _|_____| |   | | | |___ ___) || |   |  __/ ___ \ ___) |___) | |___| |_| |
 (_)     | |   |_| |_____|____/ |_|   |_| /_/   \_\____/|____/|_____|____/ 
        /_/                                                                

Add to product
----------------------------------------------------------------------------
]]></system-err>
</testsuite>
